<?xml version="1.0" encoding="UTF-8"?>
<!-- Generated by org.testng.reporters.JUnitReportReporter -->
<testsuite hostname="BOOK-CDP4N5ATLD" failures="0" tests="2" name="com.ws.testcase.PasswordRecoveryPage" time="13.764" errors="0" timestamp="2024-05-07T13:27:22 EDT" skipped="0">
  <testcase classname="com.ws.testcase.PasswordRecoveryPage" name="testForgotPassword" time="7.378"/>
  <system-out/>
  <testcase classname="com.ws.testcase.PasswordRecoveryPage" name="testInvalidEmail" time="6.386"/>
  <system-out/>
</testsuite> <!-- com.ws.testcase.PasswordRecoveryPage -->
