<?xml version="1.0" encoding="UTF-8"?>
<!-- Generated by org.testng.reporters.JUnitReportReporter -->
<testsuite hostname="BOOK-CDP4N5ATLD" failures="0" tests="1" name="com.ws.base.DriverScript" time="4.299" errors="0" timestamp="2024-04-09T20:42:46 EDT" skipped="0">
  <testcase classname="com.ws.base.DriverScript" name="initApplication" time="4.299"/>
  <system-out/>
</testsuite> <!-- com.ws.base.DriverScript -->
